MPASM 5.68                          MAIN.ASM   4-2-2026  17:23:41         PAGE  1


LOC  OBJECT CODE     LINE SOURCE TEXT
  VALUE

                      00001  PROCESSOR 16F887
                      00002     #include <p16f887.inc>
                      00001         LIST
                      00002 
                      00003 ;==========================================================================
                      00004 ; Build date : May 15 2016
                      00005 ;  MPASM PIC16F887 processor include
                      00006 ; 
                      00007 ;  (c) Copyright 1999-2016 Microchip Technology, All rights reserved
                      00008 ;==========================================================================
                      00009 
                      00810         LIST
                      00003 
Warning[205]: Found directive in column 1. (__CONFIG)
2007   2FE2           00004 __CONFIG _CONFIG1, _HS_OSC & _WDT_OFF & _LVP_OFF & _MCLRE_ON & _PWRTE_ON
Warning[205]: Found directive in column 1. (__CONFIG)
2008   3FFF           00005 __CONFIG _CONFIG2, _BOR4V_BOR40V & _WRT_OFF
Warning[205]: Found directive in column 1. (CBLOCK)
                      00006 CBLOCK  0x190       ;GENRAL VARIABLES
  00000190            00007     COUNTER         ;0x190 addr
  00000191            00008     COUNTER_FLAG
  00000192            00009     DISP_COUNTER
  00000193            00010     DISP_DIGIT_FLAG
  00000194            00011     DISP_BUF_0
  00000195            00012     DISP_BUF_1
  00000196            00013     DISP_BUF_2
  00000197            00014     DISP_BUF_3
  00000198            00015     DISP_BUF_4
  00000199            00016     DISP_BUF_5
Warning[205]: Found directive in column 1. (ENDC)
                      00017 ENDC
Warning[205]: Found directive in column 1. (CBLOCK)
                      00018 CBLOCK  0x70    ;IENTERRUPT SAVE VARIABLES
  00000070            00019     W_TEMP          ;0x70
  00000071            00020     S_TEMP          ;0x71
  00000072            00021     SECOND_DIGIT    ;0x72
  00000073            00022     MINUTE_DIGIT    ;0x73
  00000074            00023     HOUR_DIGIT      ;0x74
  00000075            00024     SEC_ONES        ;0x75
  00000076            00025     SEC_TENS        ;0x76
  00000077            00026     MIN_ONES        ;0x77
  00000078            00027     MIN_TENS        ;0x78
  00000079            00028     HOUR_ONES       ;0x79
  0000007A            00029     HOUR_TENS       ;0x7A
Warning[205]: Found directive in column 1. (ENDC)
                      00030 ENDC
                      00031 ;RESET_VECTOR
                      00032     org 0x00
0000   2???           00033     GOTO MAIN_INIT
                      00034 ;INTERRUPT_VECTOR
                      00035     org 0x04
0004   00F0           00036     MOVWF W_TEMP
0005   0E03           00037     SWAPF STATUS,W
MPASM 5.68                          MAIN.ASM   4-2-2026  17:23:41         PAGE  2


LOC  OBJECT CODE     LINE SOURCE TEXT
  VALUE

0006   00F1           00038     MOVWF S_TEMP
                      00039     
0007   1283 1303      00040     BANKSEL PIR1
0009   180C           00041     BTFSC PIR1,0
000A   2???           00042     GOTO TIMER1_INC
                      00043     
                      00044     ;EACH 1MS we will change what PORTD sends to the displays
000B   190B           00045     BTFSC INTCON,2
000C   2???           00046     GOTO TIMER0_LOGIC
                      00047     
                      00048     
000D   2???           00049     GOTO ISR_EXIT
                      00050     
000E                  00051 TIMER1_INC:
000E   100C           00052     BCF PIR1,0
000F   1683 1703      00053     BANKSEL COUNTER
Message[302]: Register in operand not in bank 0.  Ensure that bank bits are correct.
0011   0A90           00054     INCF COUNTER,F
Message[302]: Register in operand not in bank 0.  Ensure that bank bits are correct.
0012   1411           00055     BSF COUNTER_FLAG,0
0013   2???           00056     GOTO ISR_EXIT
                      00057     
0014                  00058 TIMER0_LOGIC:
0014   110B           00059     BCF INTCON,2
0015   1683 1703      00060     BANKSEL DISP_COUNTER
Message[302]: Register in operand not in bank 0.  Ensure that bank bits are correct.
0017   0A92           00061     INCF DISP_COUNTER,F
0018   3006           00062     MOVLW 6
Message[302]: Register in operand not in bank 0.  Ensure that bank bits are correct.
0019   0212           00063     SUBWF DISP_COUNTER,W
001A   1D03           00064     BTFSS STATUS,2
001B   2???           00065     GOTO DISP_OK
Message[302]: Register in operand not in bank 0.  Ensure that bank bits are correct.
001C   0192           00066     CLRF DISP_COUNTER
001D   2???           00067     GOTO DISP_OK
                      00068     
001E                  00069 DISP_OK:
Message[302]: Register in operand not in bank 0.  Ensure that bank bits are correct.
001E   0092           00070     MOVWF DISP_COUNTER
001F   0782           00071     ADDWF PCL,F
Message[302]: Register in operand not in bank 0.  Ensure that bank bits are correct.
0020   1413           00072     BSF DISP_DIGIT_FLAG,0       ;SEC DIGIT ONES
Message[302]: Register in operand not in bank 0.  Ensure that bank bits are correct.
0021   1493           00073     BSF DISP_DIGIT_FLAG,1       ;SEC DIGIT TENS
Message[302]: Register in operand not in bank 0.  Ensure that bank bits are correct.
0022   1513           00074     BSF DISP_DIGIT_FLAG,2       ;MIN DIGIT ONES
Message[302]: Register in operand not in bank 0.  Ensure that bank bits are correct.
0023   1593           00075     BSF DISP_DIGIT_FLAG,3       ;MIN DIGIT TENS
Message[302]: Register in operand not in bank 0.  Ensure that bank bits are correct.
0024   1613           00076     BSF DISP_DIGIT_FLAG,4       ;HR DIGIT ONES
Message[302]: Register in operand not in bank 0.  Ensure that bank bits are correct.
0025   1693           00077     BSF DISP_DIGIT_FLAG,5       ;HR DIGIT TENS
0026   2???           00078     GOTO ISR_EXIT
MPASM 5.68                          MAIN.ASM   4-2-2026  17:23:41         PAGE  3


LOC  OBJECT CODE     LINE SOURCE TEXT
  VALUE

                      00079     
0027                  00080 ISR_EXIT:
0027   0E71           00081     SWAPF S_TEMP,W
0028   0083           00082     MOVWF STATUS
0029   0EF0           00083     SWAPF W_TEMP,F
002A   0E70           00084     SWAPF W_TEMP,W
002B   0009           00085     RETFIE  
                      00086 ;MAIN_CODE
                      00087     org 0x50
0050                  00088 MAIN_INIT:
0050   1683 1703      00089     BANKSEL ANSEL
Message[302]: Register in operand not in bank 0.  Ensure that bank bits are correct.
0052   0188           00090     CLRF ANSEL
Message[302]: Register in operand not in bank 0.  Ensure that bank bits are correct.
0053   0189           00091     CLRF ANSELH
                      00092     
0054   1683 1303      00093     BANKSEL TRISD
Message[302]: Register in operand not in bank 0.  Ensure that bank bits are correct.
0056   0188           00094     CLRF TRISD      ;USED FOR DISPLAY SHOW
Message[302]: Register in operand not in bank 0.  Ensure that bank bits are correct.
0057   0186           00095     CLRF TRISB      ;USED FOR CONTROLLING THE DIGITS
                      00096     
0058   178B           00097     BSF INTCON,7    ;GIE EN
0059   170B           00098     BSF INTCON,6    ;PEIE EN
                      00099     
                      00100     
                      00101     ;SETUP TIMER1
005A   1683 1303      00102     BANKSEL PIE1
Message[302]: Register in operand not in bank 0.  Ensure that bank bits are correct.
005C   140C           00103     BSF PIE1,0      ;EN TMR1 OVF
                      00104     
005D   1283 1303      00105     BANKSEL T1CON
005F   1690           00106     BSF T1CON,5     ;PCS IS SET TO 8
0060   1610           00107     BSF T1CON,4
0061   1090           00108     BCF T1CON,1     ;INTERNAL CLK 
0062   1410           00109     BSF T1CON,0     ;TIM1 ON
                      00110     ;TIMER1 END
                      00111     
                      00112     ;TIMER0 SETUP
0063   1683 1303      00113     BANKSEL OPTION_REG
Message[302]: Register in operand not in bank 0.  Ensure that bank bits are correct.
0065   1281           00114     BCF OPTION_REG,5
Message[302]: Register in operand not in bank 0.  Ensure that bank bits are correct.
0066   1181           00115     BCF OPTION_REG,3
Message[302]: Register in operand not in bank 0.  Ensure that bank bits are correct.
0067   1501           00116     BSF OPTION_REG,2
Message[302]: Register in operand not in bank 0.  Ensure that bank bits are correct.
0068   1081           00117     BCF OPTION_REG,1
Message[302]: Register in operand not in bank 0.  Ensure that bank bits are correct.
0069   1001           00118     BCF OPTION_REG,0        ;32 PCS so every 1.63 ms the timer0 will OVF and ISR will occurs
                      00119     
006A   168B           00120     BSF INTCON,5
                      00121     ;TIMER0 END
MPASM 5.68                          MAIN.ASM   4-2-2026  17:23:41         PAGE  4


LOC  OBJECT CODE     LINE SOURCE TEXT
  VALUE

006B   2???           00122     GOTO MAIN_LOOP
                      00123     
006C                  00124 MAIN_LOOP:
006C   1683 1703      00125     BANKSEL COUNTER_FLAG
Message[302]: Register in operand not in bank 0.  Ensure that bank bits are correct.
006E   1811           00126     BTFSC COUNTER_FLAG,0
006F   2???           00127     CALL COUNTER_LOGIC
                      00128     
0070   0872           00129     MOVF SECOND_DIGIT,W
0071   3C60           00130     SUBLW 60
0072   1903           00131     BTFSC STATUS,2
0073   2???           00132     CALL SEC_MIN_INC
                      00133     
0074   0873           00134     MOVF MINUTE_DIGIT,W
0075   3C60           00135     SUBLW 60
0076   1903           00136     BTFSC STATUS,2
0077   2???           00137     CALL MIN_HR_INC
                      00138     
0078   0874           00139    MOVF HOUR_DIGIT,W
0079   3C24           00140     SUBLW 24
007A   1903           00141     BTFSC STATUS,2
007B   2???           00142     CALL HOUR_RESET
007C   2???           00143     CALL SPLIT
                      00144     
007D   2???           00145     CALL DIGIT_DISP
007E   2???           00146     GOTO MAIN_LOOP
                      00147     
007F                  00148 COUNTER_LOGIC:
007F   1683 1703      00149     BANKSEL COUNTER_FLAG
Message[302]: Register in operand not in bank 0.  Ensure that bank bits are correct.
0081   0191           00150     CLRF COUNTER_FLAG
0082   3010           00151     MOVLW 10
Message[302]: Register in operand not in bank 0.  Ensure that bank bits are correct.
0083   0210           00152     SUBWF COUNTER,W
0084   1D03           00153     BTFSS STATUS,2
0085   0008           00154     RETURN
Message[302]: Register in operand not in bank 0.  Ensure that bank bits are correct.
0086   0190           00155     CLRF COUNTER
0087   0AF2           00156     INCF SECOND_DIGIT,F
0088   0008           00157     RETURN
                      00158 
0089                  00159 SEC_MIN_INC:
0089   01F2           00160     CLRF SECOND_DIGIT
008A   0AF3           00161     INCF MINUTE_DIGIT,F
008B   0008           00162     RETURN
                      00163   
008C                  00164 MIN_HR_INC:
008C   01F3           00165     CLRF MINUTE_DIGIT
008D   0AF4           00166     INCF HOUR_DIGIT,F
008E   0008           00167     RETURN
                      00168     
008F                  00169 HOUR_RESET:
008F   01F4           00170     CLRF HOUR_DIGIT
MPASM 5.68                          MAIN.ASM   4-2-2026  17:23:41         PAGE  5


LOC  OBJECT CODE     LINE SOURCE TEXT
  VALUE

0090   0008           00171     RETURN
                      00172     
0091                  00173 SPLIT:
                      00174     ;SECONDS
0091   01F6           00175     CLRF SEC_TENS
0092   0872           00176     MOVF SECOND_DIGIT,W
0093   00F0           00177     MOVWF W_TEMP
0094                  00178 SEC_LOOP:
0094   300A           00179     MOVLW d'10'
0095   02F0           00180     SUBWF W_TEMP,F
0096   1C03           00181     BTFSS STATUS,C
0097   2???           00182     GOTO SEC_DONE
0098   0AF6           00183     INCF SEC_TENS,F
0099   2???           00184     GOTO SEC_LOOP
009A                  00185 SEC_DONE:
009A   300A           00186     MOVLW d'10'
009B   0770           00187     ADDWF W_TEMP,W
009C   00F5           00188     MOVWF SEC_ONES
                      00189 
                      00190     ;MINUTES
009D   01F8           00191     CLRF MIN_TENS
009E   0873           00192     MOVF MINUTE_DIGIT,W
009F   00F0           00193     MOVWF W_TEMP
00A0                  00194 MIN_LOOP:
00A0   300A           00195     MOVLW d'10'
00A1   02F0           00196     SUBWF W_TEMP,F
00A2   1C03           00197     BTFSS STATUS,C
00A3   2???           00198     GOTO MIN_DONE
00A4   0AF8           00199     INCF MIN_TENS,F
00A5   2???           00200     GOTO MIN_LOOP
00A6                  00201 MIN_DONE:
00A6   300A           00202     MOVLW d'10'
00A7   0770           00203     ADDWF W_TEMP,W
00A8   00F7           00204     MOVWF MIN_ONES
                      00205 
                      00206     ;HOURS
00A9   01FA           00207     CLRF HOUR_TENS
00AA   0874           00208     MOVF HOUR_DIGIT,W
00AB   00F0           00209     MOVWF W_TEMP
00AC                  00210 HOUR_LOOP:
00AC   300A           00211     MOVLW d'10'
00AD   02F0           00212     SUBWF W_TEMP,F
00AE   1C03           00213     BTFSS STATUS,C
00AF   2???           00214     GOTO HOUR_DONE
00B0   0AFA           00215     INCF HOUR_TENS,F
00B1   2???           00216     GOTO HOUR_LOOP
00B2                  00217 HOUR_DONE:
00B2   300A           00218     MOVLW d'10'
00B3   0770           00219     ADDWF W_TEMP,W
00B4   00F9           00220     MOVWF HOUR_ONES
                      00221 
00B5   0008           00222     RETURN
                      00223     
MPASM 5.68                          MAIN.ASM   4-2-2026  17:23:41         PAGE  6


LOC  OBJECT CODE     LINE SOURCE TEXT
  VALUE

                      00224     
00B6                  00225 DIGIT_DISP:
00B6   1683 1703      00226     BANKSEL DISP_DIGIT_FLAG
Message[302]: Register in operand not in bank 0.  Ensure that bank bits are correct.
00B8   1813           00227     BTFSC DISP_DIGIT_FLAG,0
00B9   2???           00228     CALL DIGIT_0
Message[302]: Register in operand not in bank 0.  Ensure that bank bits are correct.
00BA   1893           00229     BTFSC DISP_DIGIT_FLAG,1
00BB   2???           00230     CALL DIGIT_1
Message[302]: Register in operand not in bank 0.  Ensure that bank bits are correct.
00BC   1913           00231     BTFSC DISP_DIGIT_FLAG,2
00BD   2???           00232     CALL DIGIT_2
Message[302]: Register in operand not in bank 0.  Ensure that bank bits are correct.
00BE   1993           00233     BTFSC DISP_DIGIT_FLAG,3
00BF   2???           00234     CALL DIGIT_3
Message[302]: Register in operand not in bank 0.  Ensure that bank bits are correct.
00C0   1A13           00235     BTFSC DISP_DIGIT_FLAG,4
00C1   2???           00236     CALL DIGIT_4
Message[302]: Register in operand not in bank 0.  Ensure that bank bits are correct.
00C2   1A93           00237     BTFSC DISP_DIGIT_FLAG,5
00C3   2???           00238     CALL DIGIT_5
                      00239     
00C4   0008           00240     RETURN
                      00241     
00C5                  00242 DIGIT_0:
00C5   1683 1703      00243     BANKSEL DISP_DIGIT_FLAG
Message[302]: Register in operand not in bank 0.  Ensure that bank bits are correct.
00C7   0193           00244     CLRF DISP_DIGIT_FLAG
00C8   1283 1303      00245     BANKSEL PORTB
00CA   303D           00246     MOVLW b'00111101'
00CB   0086           00247     MOVWF PORTB
00CC   0008           00248     RETURN
                      00249     
00CD                  00250 DIGIT_1:
00CD   1683 1703      00251     BANKSEL DISP_DIGIT_FLAG
Message[302]: Register in operand not in bank 0.  Ensure that bank bits are correct.
00CF   0193           00252     CLRF DISP_DIGIT_FLAG
00D0   1283 1303      00253     BANKSEL PORTB
00D2   303E           00254     MOVLW b'00111110'
00D3   0086           00255     MOVWF PORTB
00D4   0008           00256     RETURN
                      00257     
00D5                  00258 DIGIT_2:
00D5   1683 1703      00259     BANKSEL DISP_DIGIT_FLAG
Message[302]: Register in operand not in bank 0.  Ensure that bank bits are correct.
00D7   0193           00260     CLRF DISP_DIGIT_FLAG
00D8   1283 1303      00261     BANKSEL PORTB
00DA   3038           00262     MOVLW b'00111000'
00DB   0086           00263     MOVWF PORTB
00DC   0008           00264     RETURN
                      00265     
00DD                  00266 DIGIT_3:
00DD   1683 1703      00267     BANKSEL DISP_DIGIT_FLAG
MPASM 5.68                          MAIN.ASM   4-2-2026  17:23:41         PAGE  7


LOC  OBJECT CODE     LINE SOURCE TEXT
  VALUE

Message[302]: Register in operand not in bank 0.  Ensure that bank bits are correct.
00DF   0193           00268     CLRF DISP_DIGIT_FLAG
00E0   1283 1303      00269     BANKSEL PORTB
00E2   3034           00270     MOVLW b'00110100'
00E3   0086           00271     MOVWF PORTB
00E4   0008           00272     RETURN
                      00273     
00E5                  00274 DIGIT_4:
00E5   1683 1703      00275     BANKSEL DISP_DIGIT_FLAG
Message[302]: Register in operand not in bank 0.  Ensure that bank bits are correct.
00E7   0193           00276     CLRF DISP_DIGIT_FLAG
00E8   1283 1303      00277     BANKSEL PORTB
00EA   302C           00278     MOVLW b'00101100'
00EB   0086           00279     MOVWF PORTB
00EC   0008           00280     RETURN
                      00281     
00ED                  00282 DIGIT_5:
00ED   1683 1703      00283     BANKSEL DISP_DIGIT_FLAG
Message[302]: Register in operand not in bank 0.  Ensure that bank bits are correct.
00EF   0193           00284     CLRF DISP_DIGIT_FLAG
00F0   1283 1303      00285     BANKSEL PORTB
00F2   301C           00286     MOVLW b'00011100'
00F3   0086           00287     MOVWF PORTB
00F4   0008           00288     RETURN
                      00289     
Warning[205]: Found directive in column 1. (END)
2FE2 3FFF             00290 END
MPASM 5.68                          MAIN.ASM   4-2-2026  17:23:41         PAGE  8


SYMBOL TABLE
  LABEL                             VALUE 

ABDEN                             00000000
ABDOVF                            00000007
ACKDT                             00000005
ACKEN                             00000004
ACKSTAT                           00000006
ADCON0                            0000001F
ADCON1                            0000009F
ADCS0                             00000006
ADCS1                             00000007
ADDEN                             00000003
ADFM                              00000007
ADIE                              00000006
ADIF                              00000006
ADON                              00000000
ADRESH                            0000001E
ADRESL                            0000009E
ANS0                              00000000
ANS1                              00000001
ANS10                             00000002
ANS11                             00000003
ANS12                             00000004
ANS13                             00000005
ANS2                              00000002
ANS3                              00000003
ANS4                              00000004
ANS5                              00000005
ANS6                              00000006
ANS7                              00000007
ANS8                              00000000
ANS9                              00000001
ANSEL                             00000188
ANSELH                            00000189
BAUDCTL                           00000187
BCLIE                             00000003
BCLIF                             00000003
BF                                00000000
BRG0                              00000000
BRG1                              00000001
BRG10                             00000002
BRG11                             00000003
BRG12                             00000004
BRG13                             00000005
BRG14                             00000006
BRG15                             00000007
BRG16                             00000003
BRG2                              00000002
BRG3                              00000003
BRG4                              00000004
BRG5                              00000005
BRG6                              00000006
BRG7                              00000007
BRG8                              00000000
BRG9                              00000001
MPASM 5.68                          MAIN.ASM   4-2-2026  17:23:41         PAGE  9


SYMBOL TABLE
  LABEL                             VALUE 

BRGH                              00000002
C                                 00000000
C1CH0                             00000000
C1CH1                             00000001
C1IE                              00000005
C1IF                              00000005
C1OE                              00000005
C1ON                              00000007
C1OUT                             00000006
C1POL                             00000004
C1R                               00000002
C1RSEL                            00000005
C1SEN                             00000005
C2CH0                             00000000
C2CH1                             00000001
C2IE                              00000006
C2IF                              00000006
C2OE                              00000005
C2ON                              00000007
C2OUT                             00000006
C2POL                             00000004
C2R                               00000002
C2REN                             00000004
C2RSEL                            00000004
C2SYNC                            00000000
CCP1CON                           00000017
CCP1IE                            00000002
CCP1IF                            00000002
CCP1M0                            00000000
CCP1M1                            00000001
CCP1M2                            00000002
CCP1M3                            00000003
CCP1X                             00000005
CCP1Y                             00000004
CCP2CON                           0000001D
CCP2IE                            00000000
CCP2IF                            00000000
CCP2M0                            00000000
CCP2M1                            00000001
CCP2M2                            00000002
CCP2M3                            00000003
CCP2X                             00000005
CCP2Y                             00000004
CCPR1                             00000015
CCPR1H                            00000016
CCPR1L                            00000015
CCPR2                             0000001B
CCPR2H                            0000001C
CCPR2L                            0000001B
CHS0                              00000002
CHS1                              00000003
CHS2                              00000004
CHS3                              00000005
MPASM 5.68                          MAIN.ASM   4-2-2026  17:23:41         PAGE 10


SYMBOL TABLE
  LABEL                             VALUE 

CKE                               00000006
CKP                               00000004
CM1CON0                           00000107
CM2CON0                           00000108
CM2CON1                           00000109
COUNTER                           00000190
COUNTER_FLAG                      00000191
COUNTER_LOGIC                     0000007F
CREN                              00000004
CSRC                              00000007
D                                 00000005
DATA_ADDRESS                      00000005
DC                                00000001
DC1B0                             00000004
DC1B1                             00000005
DC2B0                             00000004
DC2B1                             00000005
DIGIT_0                           000000C5
DIGIT_1                           000000CD
DIGIT_2                           000000D5
DIGIT_3                           000000DD
DIGIT_4                           000000E5
DIGIT_5                           000000ED
DIGIT_DISP                        000000B6
DISP_BUF_0                        00000194
DISP_BUF_1                        00000195
DISP_BUF_2                        00000196
DISP_BUF_3                        00000197
DISP_BUF_4                        00000198
DISP_BUF_5                        00000199
DISP_COUNTER                      00000192
DISP_DIGIT_FLAG                   00000193
DISP_OK                           0000001E
D_A                               00000005
D_NOT_A                           00000005
ECCPAS                            0000009C
ECCPAS0                           00000004
ECCPAS1                           00000005
ECCPAS2                           00000006
ECCPASE                           00000007
EEADR                             0000010D
EEADRH                            0000010F
EECON1                            0000018C
EECON2                            0000018D
EEDAT                             0000010C
EEDATA                            0000010C
EEDATH                            0000010E
EEIE                              00000004
EEIF                              00000004
EEPGD                             00000007
F                                 00000001
FERR                              00000002
FSR                               00000004
MPASM 5.68                          MAIN.ASM   4-2-2026  17:23:41         PAGE 11


SYMBOL TABLE
  LABEL                             VALUE 

FVREN                             00000000
GCEN                              00000007
GIE                               00000007
GO                                00000001
GO_DONE                           00000001
GO_NOT_DONE                       00000001
HOUR_DIGIT                        00000074
HOUR_DONE                         000000B2
HOUR_LOOP                         000000AC
HOUR_ONES                         00000079
HOUR_RESET                        0000008F
HOUR_TENS                         0000007A
HTS                               00000002
I2C_DATA                          00000005
I2C_READ                          00000002
I2C_START                         00000003
I2C_STOP                          00000004
INDF                              00000000
INTCON                            0000000B
INTE                              00000004
INTEDG                            00000006
INTF                              00000001
IOCB                              00000096
IOCB0                             00000000
IOCB1                             00000001
IOCB2                             00000002
IOCB3                             00000003
IOCB4                             00000004
IOCB5                             00000005
IOCB6                             00000006
IOCB7                             00000007
IRCF0                             00000004
IRCF1                             00000005
IRCF2                             00000006
IRP                               00000007
ISR_EXIT                          00000027
LTS                               00000001
MAIN_INIT                         00000050
MAIN_LOOP                         0000006C
MC1OUT                            00000007
MC2OUT                            00000006
MINUTE_DIGIT                      00000073
MIN_DONE                          000000A6
MIN_HR_INC                        0000008C
MIN_LOOP                          000000A0
MIN_ONES                          00000077
MIN_TENS                          00000078
MSK                               00000093
MSK0                              00000000
MSK1                              00000001
MSK2                              00000002
MSK3                              00000003
MSK4                              00000004
MPASM 5.68                          MAIN.ASM   4-2-2026  17:23:41         PAGE 12


SYMBOL TABLE
  LABEL                             VALUE 

MSK5                              00000005
MSK6                              00000006
MSK7                              00000007
NOT_A                             00000005
NOT_ADDRESS                       00000005
NOT_BO                            00000000
NOT_BOR                           00000000
NOT_DONE                          00000001
NOT_PD                            00000003
NOT_POR                           00000001
NOT_RBPU                          00000007
NOT_RC8                           00000006
NOT_T1SYNC                        00000002
NOT_TO                            00000004
NOT_TX8                           00000006
NOT_W                             00000002
NOT_WRITE                         00000002
OERR                              00000001
OPTION_REG                        00000081
OSCCON                            0000008F
OSCTUNE                           00000090
OSFIE                             00000007
OSFIF                             00000007
OSTS                              00000003
P                                 00000004
P1M0                              00000006
P1M1                              00000007
PCL                               00000002
PCLATH                            0000000A
PCON                              0000008E
PDC0                              00000000
PDC1                              00000001
PDC2                              00000002
PDC3                              00000003
PDC4                              00000004
PDC5                              00000005
PDC6                              00000006
PEIE                              00000006
PEN                               00000002
PIE1                              0000008C
PIE2                              0000008D
PIR1                              0000000C
PIR2                              0000000D
PORTA                             00000005
PORTB                             00000006
PORTC                             00000007
PORTD                             00000008
PORTE                             00000009
PR2                               00000092
PRSEN                             00000007
PS0                               00000000
PS1                               00000001
PS2                               00000002
MPASM 5.68                          MAIN.ASM   4-2-2026  17:23:41         PAGE 13


SYMBOL TABLE
  LABEL                             VALUE 

PSA                               00000003
PSSAC0                            00000002
PSSAC1                            00000003
PSSBD0                            00000000
PSSBD1                            00000001
PSTRCON                           0000009D
PULSR                             00000002
PULSS                             00000003
PWM1CON                           0000009B
R                                 00000002
RA0                               00000000
RA1                               00000001
RA2                               00000002
RA3                               00000003
RA4                               00000004
RA5                               00000005
RA6                               00000006
RA7                               00000007
RB0                               00000000
RB1                               00000001
RB2                               00000002
RB3                               00000003
RB4                               00000004
RB5                               00000005
RB6                               00000006
RB7                               00000007
RBIE                              00000003
RBIF                              00000000
RC0                               00000000
RC1                               00000001
RC2                               00000002
RC3                               00000003
RC4                               00000004
RC5                               00000005
RC6                               00000006
RC7                               00000007
RC8_9                             00000006
RC9                               00000006
RCD8                              00000000
RCEN                              00000003
RCIDL                             00000006
RCIE                              00000005
RCIF                              00000005
RCREG                             0000001A
RCSTA                             00000018
RD                                00000000
RD0                               00000000
RD1                               00000001
RD2                               00000002
RD3                               00000003
RD4                               00000004
RD5                               00000005
RD6                               00000006
MPASM 5.68                          MAIN.ASM   4-2-2026  17:23:41         PAGE 14


SYMBOL TABLE
  LABEL                             VALUE 

RD7                               00000007
RE0                               00000000
RE1                               00000001
RE2                               00000002
RE3                               00000003
READ_WRITE                        00000002
RP0                               00000005
RP1                               00000006
RSEN                              00000001
RX9                               00000006
RX9D                              00000000
R_NOT_W                           00000002
R_W                               00000002
S                                 00000003
SBOREN                            00000004
SCKP                              00000004
SCS                               00000000
SECOND_DIGIT                      00000072
SEC_DONE                          0000009A
SEC_LOOP                          00000094
SEC_MIN_INC                       00000089
SEC_ONES                          00000075
SEC_TENS                          00000076
SEN                               00000000
SENDB                             00000003
SMP                               00000007
SPBRG                             00000099
SPBRGH                            0000009A
SPEN                              00000007
SPLIT                             00000091
SR0                               00000006
SR1                               00000007
SRCON                             00000185
SREN                              00000005
SSPADD                            00000093
SSPBUF                            00000013
SSPCON                            00000014
SSPCON2                           00000091
SSPEN                             00000005
SSPIE                             00000003
SSPIF                             00000003
SSPM0                             00000000
SSPM1                             00000001
SSPM2                             00000002
SSPM3                             00000003
SSPMSK                            00000093
SSPOV                             00000006
SSPSTAT                           00000094
STATUS                            00000003
STRA                              00000000
STRB                              00000001
STRC                              00000002
STRD                              00000003
MPASM 5.68                          MAIN.ASM   4-2-2026  17:23:41         PAGE 15


SYMBOL TABLE
  LABEL                             VALUE 

STRSYNC                           00000004
SWDTEN                            00000000
SYNC                              00000004
S_TEMP                            00000071
T0CS                              00000005
T0IE                              00000005
T0IF                              00000002
T0SE                              00000004
T1CKPS0                           00000004
T1CKPS1                           00000005
T1CON                             00000010
T1GINV                            00000007
T1GIV                             00000007
T1GSS                             00000001
T1INSYNC                          00000002
T1OSCEN                           00000003
T1SYNC                            00000002
T2CKPS0                           00000000
T2CKPS1                           00000001
T2CON                             00000012
TIMER0_LOGIC                      00000014
TIMER1_INC                        0000000E
TMR0                              00000001
TMR0IE                            00000005
TMR0IF                            00000002
TMR1                              0000000E
TMR1CS                            00000001
TMR1GE                            00000006
TMR1H                             0000000F
TMR1IE                            00000000
TMR1IF                            00000000
TMR1L                             0000000E
TMR1ON                            00000000
TMR2                              00000011
TMR2IE                            00000001
TMR2IF                            00000001
TMR2ON                            00000002
TOUTPS0                           00000003
TOUTPS1                           00000004
TOUTPS2                           00000005
TOUTPS3                           00000006
TRISA                             00000085
TRISA0                            00000000
TRISA1                            00000001
TRISA2                            00000002
TRISA3                            00000003
TRISA4                            00000004
TRISA5                            00000005
TRISA6                            00000006
TRISA7                            00000007
TRISB                             00000086
TRISB0                            00000000
TRISB1                            00000001
MPASM 5.68                          MAIN.ASM   4-2-2026  17:23:41         PAGE 16


SYMBOL TABLE
  LABEL                             VALUE 

TRISB2                            00000002
TRISB3                            00000003
TRISB4                            00000004
TRISB5                            00000005
TRISB6                            00000006
TRISB7                            00000007
TRISC                             00000087
TRISC0                            00000000
TRISC1                            00000001
TRISC2                            00000002
TRISC3                            00000003
TRISC4                            00000004
TRISC5                            00000005
TRISC6                            00000006
TRISC7                            00000007
TRISD                             00000088
TRISD0                            00000000
TRISD1                            00000001
TRISD2                            00000002
TRISD3                            00000003
TRISD4                            00000004
TRISD5                            00000005
TRISD6                            00000006
TRISD7                            00000007
TRISE                             00000089
TRISE0                            00000000
TRISE1                            00000001
TRISE2                            00000002
TRISE3                            00000003
TRMT                              00000001
TUN0                              00000000
TUN1                              00000001
TUN2                              00000002
TUN3                              00000003
TUN4                              00000004
TX8_9                             00000006
TX9                               00000006
TX9D                              00000000
TXD8                              00000000
TXEN                              00000005
TXIE                              00000004
TXIF                              00000004
TXREG                             00000019
TXSTA                             00000098
UA                                00000001
ULPWUE                            00000005
ULPWUIE                           00000002
ULPWUIF                           00000002
VCFG0                             00000004
VCFG1                             00000005
VR0                               00000000
VR1                               00000001
VR2                               00000002
MPASM 5.68                          MAIN.ASM   4-2-2026  17:23:41         PAGE 17


SYMBOL TABLE
  LABEL                             VALUE 

VR3                               00000003
VRCON                             00000097
VREN                              00000007
VROE                              00000006
VRR                               00000005
VRSS                              00000004
W                                 00000000
WCOL                              00000007
WDTCON                            00000105
WDTPS0                            00000001
WDTPS1                            00000002
WDTPS2                            00000003
WDTPS3                            00000004
WPUB                              00000095
WPUB0                             00000000
WPUB1                             00000001
WPUB2                             00000002
WPUB3                             00000003
WPUB4                             00000004
WPUB5                             00000005
WPUB6                             00000006
WPUB7                             00000007
WR                                00000001
WREN                              00000002
WRERR                             00000003
WUE                               00000001
W_TEMP                            00000070
Z                                 00000002
_BOR21V                           00003EFF
_BOR40V                           00003FFF
_BOR4V_BOR21V                     00003EFF
_BOR4V_BOR40V                     00003FFF
_BOREN_NSLEEP                     00003EFF
_BOREN_OFF                        00003CFF
_BOREN_ON                         00003FFF
_BOREN_SBODEN                     00003DFF
_BOR_NSLEEP                       00003EFF
_BOR_OFF                          00003CFF
_BOR_ON                           00003FFF
_BOR_SBODEN                       00003DFF
_CONFIG1                          00002007
_CONFIG2                          00002008
_CPD_OFF                          00003FFF
_CPD_ON                           00003F7F
_CP_OFF                           00003FFF
_CP_ON                            00003FBF
_DEBUG_OFF                        00003FFF
_DEBUG_ON                         00001FFF
_DEVID1                           00002006
_EC_OSC                           00003FFB
_EXTRC                            00003FFF
_EXTRCIO                          00003FFE
_EXTRC_OSC_CLKOUT                 00003FFF
MPASM 5.68                          MAIN.ASM   4-2-2026  17:23:41         PAGE 18


SYMBOL TABLE
  LABEL                             VALUE 

_EXTRC_OSC_NOCLKOUT               00003FFE
_FCMEN_OFF                        000037FF
_FCMEN_ON                         00003FFF
_FOSC_EC                          00003FFB
_FOSC_EXTRC_CLKOUT                00003FFF
_FOSC_EXTRC_NOCLKOUT              00003FFE
_FOSC_HS                          00003FFA
_FOSC_INTRC_CLKOUT                00003FFD
_FOSC_INTRC_NOCLKOUT              00003FFC
_FOSC_LP                          00003FF8
_FOSC_XT                          00003FF9
_HS_OSC                           00003FFA
_IDLOC0                           00002000
_IDLOC1                           00002001
_IDLOC2                           00002002
_IDLOC3                           00002003
_IESO_OFF                         00003BFF
_IESO_ON                          00003FFF
_INTOSC                           00003FFD
_INTOSCIO                         00003FFC
_INTRC_OSC_CLKOUT                 00003FFD
_INTRC_OSC_NOCLKOUT               00003FFC
_LP_OSC                           00003FF8
_LVP_OFF                          00002FFF
_LVP_ON                           00003FFF
_MCLRE_OFF                        00003FDF
_MCLRE_ON                         00003FFF
_PWRTE_OFF                        00003FFF
_PWRTE_ON                         00003FEF
_WDTE_OFF                         00003FF7
_WDTE_ON                          00003FFF
_WDT_OFF                          00003FF7
_WDT_ON                           00003FFF
_WRT_1FOURTH                      00003BFF
_WRT_256                          00003DFF
_WRT_HALF                         000039FF
_WRT_OFF                          00003FFF
_XT_OSC                           00003FF9
__16F887                          00000001

Errors   :     0
Warnings :     7 reported,     0 suppressed
Messages :    38 reported,     0 suppressed

